Arguments: 
  /home/leodubosclard/.nvm/versions/node/v16.0.0/bin/node /usr/local/bin/yarn add @openzeppelin/contracts/access/

PATH: 
  /home/leodubosclard/.fly/bin:/home/leodubosclard/.nvm/versions/node/v16.0.0/bin:/home/leodubosclard/.fly/bin:/usr/local/sbin:/usr/local/bin:/usr/sbin:/usr/bin:/sbin:/bin:/usr/games:/usr/local/games:/snap/bin:/home/leodubosclard/.local/share/JetBrains/Toolbox/scripts:/usr/local/go/bin:/usr/local/go/bin

Yarn version: 
  1.22.19

Node version: 
  16.0.0

Platform: 
  linux x64

Trace: 
  Error: https://registry.yarnpkg.com/@openzeppelin%2fcontracts/access/: Request "https://registry.yarnpkg.com/@openzeppelin%2fcontracts/access/" returned a 405
      at Request.params.callback [as _callback] (/usr/local/lib/node_modules/yarn/lib/cli.js:66154:18)
      at Request.self.callback (/usr/local/lib/node_modules/yarn/lib/cli.js:140890:22)
      at Request.emit (node:events:365:28)
      at Request.<anonymous> (/usr/local/lib/node_modules/yarn/lib/cli.js:141862:10)
      at Request.emit (node:events:365:28)
      at IncomingMessage.<anonymous> (/usr/local/lib/node_modules/yarn/lib/cli.js:141784:12)
      at Object.onceWrapper (node:events:471:28)
      at IncomingMessage.emit (node:events:377:35)
      at endReadableNT (node:internal/streams/readable:1312:12)
      at processTicksAndRejections (node:internal/process/task_queues:83:21)

npm manifest: 
  {
    "license": "MIT",
    "devDependencies": {
      "@nomicfoundation/hardhat-toolbox": "^2.0.0",
      "hardhat": "^2.12.4"
    },
    "dependencies": {
      "@openzeppelin/contracts": "^4.8.0",
      "openzeppelin-solidity": "^4.6.0"
    }
  }

yarn manifest: 
  No manifest

Lockfile: 
  No lockfile
